# JRE version: Java(TM) SE Runtime Environment (8.0_321-b07) (build 1.8.0_321-b07)
# Java VM: Java HotSpot(TM) 64-Bit Server VM (25.321-b07 mixed mode windows-amd64 compressed oops)
Heap:
 PSYoungGen      total 128000K, used 15186K [0x00000000f5580000, 0x00000000fff80000, 0x0000000100000000)
  eden space 81408K, 17% used [0x00000000f5580000,0x00000000f6360960,0x00000000fa500000)
  from space 46592K, 2% used [0x00000000fa500000,0x00000000fa5f4010,0x00000000fd280000)
  to   space 46080K, 0% used [0x00000000fd280000,0x00000000fd280000,0x00000000fff80000)
 ParOldGen       total 175104K, used 121045K [0x00000000e0000000, 0x00000000eab00000, 0x00000000f5580000)
  object space 175104K, 69% used [0x00000000e0000000,0x00000000e7635458,0x00000000eab00000)
 Metaspace       used 61680K, capacity 66242K, committed 66264K, reserved 1105920K
  class space    used 8614K, capacity 9455K, committed 9472K, reserved 1048576K
GC Heap History (10 events):
Event: 13.673 GC heap before
{Heap before GC invocations=19 (full 3):
 PSYoungGen      total 136192K, used 110684K [0x00000000f5580000, 0x0000000100000000, 0x0000000100000000)
  eden space 97792K, 100% used [0x00000000f5580000,0x00000000fb500000,0x00000000fb500000)
  from space 38400K, 33% used [0x00000000fb500000,0x00000000fc197200,0x00000000fda80000)
  to   space 36864K, 0% used [0x00000000fdc00000,0x00000000fdc00000,0x0000000100000000)
 ParOldGen       total 175104K, used 87298K [0x00000000e0000000, 0x00000000eab00000, 0x00000000f5580000)
  object space 175104K, 49% used [0x00000000e0000000,0x00000000e5540ae8,0x00000000eab00000)
 Metaspace       used 59954K, capacity 64426K, committed 64600K, reserved 1103872K
  class space    used 8433K, capacity 9291K, committed 9344K, reserved 1048576K
Event: 13.683 GC heap after
Heap after GC invocations=19 (full 3):
 PSYoungGen      total 131584K, used 31066K [0x00000000f5580000, 0x0000000100000000, 0x0000000100000000)
  eden space 94720K, 0% used [0x00000000f5580000,0x00000000f5580000,0x00000000fb200000)
  from space 36864K, 84% used [0x00000000fdc00000,0x00000000ffa56948,0x0000000100000000)
  to   space 39936K, 0% used [0x00000000fb200000,0x00000000fb200000,0x00000000fd900000)
 ParOldGen       total 175104K, used 87306K [0x00000000e0000000, 0x00000000eab00000, 0x00000000f5580000)
  object space 175104K, 49% used [0x00000000e0000000,0x00000000e5542ae8,0x00000000eab00000)
 Metaspace       used 59954K, capacity 64426K, committed 64600K, reserved 1103872K
  class space    used 8433K, capacity 9291K, committed 9344K, reserved 1048576K
}
Event: 14.159 GC heap before
{Heap before GC invocations=20 (full 3):
 PSYoungGen      total 131584K, used 125786K [0x00000000f5580000, 0x0000000100000000, 0x0000000100000000)
  eden space 94720K, 100% used [0x00000000f5580000,0x00000000fb200000,0x00000000fb200000)
  from space 36864K, 84% used [0x00000000fdc00000,0x00000000ffa56948,0x0000000100000000)
  to   space 39936K, 0% used [0x00000000fb200000,0x00000000fb200000,0x00000000fd900000)
 ParOldGen       total 175104K, used 87306K [0x00000000e0000000, 0x00000000eab00000, 0x00000000f5580000)
  object space 175104K, 49% used [0x00000000e0000000,0x00000000e5542ae8,0x00000000eab00000)
 Metaspace       used 61335K, capacity 65838K, committed 66008K, reserved 1105920K
  class space    used 8582K, capacity 9441K, committed 9472K, reserved 1048576K
Event: 14.172 GC heap after
Heap after GC invocations=20 (full 3):
 PSYoungGen      total 127488K, used 32347K [0x00000000f5580000, 0x0000000100000000, 0x0000000100000000)
  eden space 94720K, 0% used [0x00000000f5580000,0x00000000f5580000,0x00000000fb200000)
  from space 32768K, 98% used [0x00000000fb200000,0x00000000fd196e28,0x00000000fd200000)
  to   space 43520K, 0% used [0x00000000fd580000,0x00000000fd580000,0x0000000100000000)
 ParOldGen       total 175104K, used 87314K [0x00000000e0000000, 0x00000000eab00000, 0x00000000f5580000)
  object space 175104K, 49% used [0x00000000e0000000,0x00000000e5544ae8,0x00000000eab00000)
 Metaspace       used 61335K, capacity 65838K, committed 66008K, reserved 1105920K
  class space    used 8582K, capacity 9441K, committed 9472K, reserved 1048576K
}
Event: 14.297 GC heap before
{Heap before GC invocations=21 (full 3):
 PSYoungGen      total 127488K, used 127067K [0x00000000f5580000, 0x0000000100000000, 0x0000000100000000)
  eden space 94720K, 100% used [0x00000000f5580000,0x00000000fb200000,0x00000000fb200000)
  from space 32768K, 98% used [0x00000000fb200000,0x00000000fd196e28,0x00000000fd200000)
  to   space 43520K, 0% used [0x00000000fd580000,0x00000000fd580000,0x0000000100000000)
 ParOldGen       total 175104K, used 87314K [0x00000000e0000000, 0x00000000eab00000, 0x00000000f5580000)
  object space 175104K, 49% used [0x00000000e0000000,0x00000000e5544ae8,0x00000000eab00000)
 Metaspace       used 61470K, capacity 66060K, committed 66264K, reserved 1105920K
  class space    used 8593K, capacity 9446K, committed 9472K, reserved 1048576K
Event: 14.313 GC heap after
Heap after GC invocations=21 (full 3):
 PSYoungGen      total 126976K, used 32176K [0x00000000f5580000, 0x0000000100000000, 0x0000000100000000)
  eden space 83456K, 0% used [0x00000000f5580000,0x00000000f5580000,0x00000000fa700000)
  from space 43520K, 73% used [0x00000000fd580000,0x00000000ff4ec208,0x0000000100000000)
  to   space 45568K, 0% used [0x00000000fa700000,0x00000000fa700000,0x00000000fd380000)
 ParOldGen       total 175104K, used 87322K [0x00000000e0000000, 0x00000000eab00000, 0x00000000f5580000)
  object space 175104K, 49% used [0x00000000e0000000,0x00000000e5546ae8,0x00000000eab00000)
 Metaspace       used 61470K, capacity 66060K, committed 66264K, reserved 1105920K
  class space    used 8593K, capacity 9446K, committed 9472K, reserved 1048576K
}
Event: 14.454 GC heap before
{Heap before GC invocations=22 (full 3):
 PSYoungGen      total 126976K, used 115632K [0x00000000f5580000, 0x0000000100000000, 0x0000000100000000)
  eden space 83456K, 100% used [0x00000000f5580000,0x00000000fa700000,0x00000000fa700000)
  from space 43520K, 73% used [0x00000000fd580000,0x00000000ff4ec208,0x0000000100000000)
  to   space 45568K, 0% used [0x00000000fa700000,0x00000000fa700000,0x00000000fd380000)
 ParOldGen       total 175104K, used 87322K [0x00000000e0000000, 0x00000000eab00000, 0x00000000f5580000)
  object space 175104K, 49% used [0x00000000e0000000,0x00000000e5546ae8,0x00000000eab00000)
 Metaspace       used 61533K, capacity 66066K, committed 66264K, reserved 1105920K
  class space    used 8601K, capacity 9447K, committed 9472K, reserved 1048576K
Event: 14.477 GC heap after
Heap after GC invocations=22 (full 3):
 PSYoungGen      total 86528K, used 2560K [0x00000000f5580000, 0x0000000100000000, 0x0000000100000000)
  eden space 83456K, 0% used [0x00000000f5580000,0x00000000f5580000,0x00000000fa700000)
  from space 3072K, 83% used [0x00000000fa700000,0x00000000fa980010,0x00000000faa00000)
  to   space 46080K, 0% used [0x00000000fd300000,0x00000000fd300000,0x0000000100000000)
 ParOldGen       total 175104K, used 117648K [0x00000000e0000000, 0x00000000eab00000, 0x00000000f5580000)
  object space 175104K, 67% used [0x00000000e0000000,0x00000000e72e40f8,0x00000000eab00000)
 Metaspace       used 61533K, capacity 66066K, committed 66264K, reserved 1105920K
  class space    used 8601K, capacity 9447K, committed 9472K, reserved 1048576K
}
Event: 14.593 GC heap before
{Heap before GC invocations=23 (full 3):
 PSYoungGen      total 86528K, used 86016K [0x00000000f5580000, 0x0000000100000000, 0x0000000100000000)
  eden space 83456K, 100% used [0x00000000f5580000,0x00000000fa700000,0x00000000fa700000)
  from space 3072K, 83% used [0x00000000fa700000,0x00000000fa980010,0x00000000faa00000)
  to   space 46080K, 0% used [0x00000000fd300000,0x00000000fd300000,0x0000000100000000)
 ParOldGen       total 175104K, used 117648K [0x00000000e0000000, 0x00000000eab00000, 0x00000000f5580000)
  object space 175104K, 67% used [0x00000000e0000000,0x00000000e72e40f8,0x00000000eab00000)
 Metaspace       used 61644K, capacity 66230K, committed 66264K, reserved 1105920K
  class space    used 8613K, capacity 9453K, committed 9472K, reserved 1048576K
Event: 14.598 GC heap after
Heap after GC invocations=23 (full 3):
 PSYoungGen      total 127488K, used 1856K [0x00000000f5580000, 0x0000000100000000, 0x0000000100000000)
  eden space 81408K, 0% used [0x00000000f5580000,0x00000000f5580000,0x00000000fa500000)
  from space 46080K, 4% used [0x00000000fd300000,0x00000000fd4d0010,0x0000000100000000)
  to   space 46592K, 0% used [0x00000000fa500000,0x00000000fa500000,0x00000000fd280000)
 ParOldGen       total 175104K, used 119368K [0x00000000e0000000, 0x00000000eab00000, 0x00000000f5580000)
  object space 175104K, 68% used [0x00000000e0000000,0x00000000e7492238,0x00000000eab00000)
 Metaspace       used 61644K, capacity 66230K, committed 66264K, reserved 1105920K
  class space    used 8613K, capacity 9453K, committed 9472K, reserved 1048576K
}

