# JRE version: Java(TM) SE Runtime Environment (8.0_321-b07) (build 1.8.0_321-b07)
# Java VM: Java HotSpot(TM) 64-Bit Server VM (25.321-b07 mixed mode windows-amd64 compressed oops)
Heap:
 PSYoungGen      total 124928K, used 114901K [0x00000000f5580000, 0x0000000100000000, 0x0000000100000000)
  eden space 104960K, 90% used [0x00000000f5580000,0x00000000fb23a548,0x00000000fbc00000)
  from space 19968K, 99% used [0x00000000fec80000,0x00000000ffffaf30,0x0000000100000000)
  to   space 34816K, 0% used [0x00000000fbc00000,0x00000000fbc00000,0x00000000fde00000)
 ParOldGen       total 218112K, used 66326K [0x00000000e0000000, 0x00000000ed500000, 0x00000000f5580000)
  object space 218112K, 30% used [0x00000000e0000000,0x00000000e40c5880,0x00000000ed500000)
 Metaspace       used 64196K, capacity 68618K, committed 68736K, reserved 1107968K
  class space    used 9049K, capacity 9829K, committed 9856K, reserved 1048576K
GC Heap History (10 events):
Event: 10.244 GC heap before
{Heap before GC invocations=13 (full 2):
 PSYoungGen      total 156160K, used 105454K [0x00000000f5580000, 0x0000000100000000, 0x0000000100000000)
  eden space 141824K, 64% used [0x00000000f5580000,0x00000000fae7eb00,0x00000000fe000000)
  from space 14336K, 99% used [0x00000000ff200000,0x00000000ffffcef0,0x0000000100000000)
  to   space 16384K, 0% used [0x00000000fe000000,0x00000000fe000000,0x00000000ff000000)
 ParOldGen       total 175104K, used 17853K [0x00000000e0000000, 0x00000000eab00000, 0x00000000f5580000)
  object space 175104K, 10% used [0x00000000e0000000,0x00000000e116f788,0x00000000eab00000)
 Metaspace       used 54856K, capacity 59060K, committed 59096K, reserved 1099776K
  class space    used 8063K, capacity 8820K, committed 8832K, reserved 1048576K
Event: 10.254 GC heap after
Heap after GC invocations=13 (full 2):
 PSYoungGen      total 158208K, used 16355K [0x00000000f5580000, 0x0000000100000000, 0x0000000100000000)
  eden space 141824K, 0% used [0x00000000f5580000,0x00000000f5580000,0x00000000fe000000)
  from space 16384K, 99% used [0x00000000fe000000,0x00000000feff8f10,0x00000000ff000000)
  to   space 16384K, 0% used [0x00000000ff000000,0x00000000ff000000,0x0000000100000000)
 ParOldGen       total 175104K, used 23899K [0x00000000e0000000, 0x00000000eab00000, 0x00000000f5580000)
  object space 175104K, 13% used [0x00000000e0000000,0x00000000e1756cb0,0x00000000eab00000)
 Metaspace       used 54856K, capacity 59060K, committed 59096K, reserved 1099776K
  class space    used 8063K, capacity 8820K, committed 8832K, reserved 1048576K
}
Event: 10.254 GC heap before
{Heap before GC invocations=14 (full 3):
 PSYoungGen      total 158208K, used 16355K [0x00000000f5580000, 0x0000000100000000, 0x0000000100000000)
  eden space 141824K, 0% used [0x00000000f5580000,0x00000000f5580000,0x00000000fe000000)
  from space 16384K, 99% used [0x00000000fe000000,0x00000000feff8f10,0x00000000ff000000)
  to   space 16384K, 0% used [0x00000000ff000000,0x00000000ff000000,0x0000000100000000)
 ParOldGen       total 175104K, used 23899K [0x00000000e0000000, 0x00000000eab00000, 0x00000000f5580000)
  object space 175104K, 13% used [0x00000000e0000000,0x00000000e1756cb0,0x00000000eab00000)
 Metaspace       used 54856K, capacity 59060K, committed 59096K, reserved 1099776K
  class space    used 8063K, capacity 8820K, committed 8832K, reserved 1048576K
Event: 10.428 GC heap after
Heap after GC invocations=14 (full 3):
 PSYoungGen      total 158208K, used 0K [0x00000000f5580000, 0x0000000100000000, 0x0000000100000000)
  eden space 141824K, 0% used [0x00000000f5580000,0x00000000f5580000,0x00000000fe000000)
  from space 16384K, 0% used [0x00000000fe000000,0x00000000fe000000,0x00000000ff000000)
  to   space 16384K, 0% used [0x00000000ff000000,0x00000000ff000000,0x0000000100000000)
 ParOldGen       total 218112K, used 37168K [0x00000000e0000000, 0x00000000ed500000, 0x00000000f5580000)
  object space 218112K, 17% used [0x00000000e0000000,0x00000000e244c110,0x00000000ed500000)
 Metaspace       used 54711K, capacity 58622K, committed 59096K, reserved 1099776K
  class space    used 8017K, capacity 8725K, committed 8832K, reserved 1048576K
}
Event: 12.153 GC heap before
{Heap before GC invocations=15 (full 3):
 PSYoungGen      total 158208K, used 141824K [0x00000000f5580000, 0x0000000100000000, 0x0000000100000000)
  eden space 141824K, 100% used [0x00000000f5580000,0x00000000fe000000,0x00000000fe000000)
  from space 16384K, 0% used [0x00000000fe000000,0x00000000fe000000,0x00000000ff000000)
  to   space 16384K, 0% used [0x00000000ff000000,0x00000000ff000000,0x0000000100000000)
 ParOldGen       total 218112K, used 37168K [0x00000000e0000000, 0x00000000ed500000, 0x00000000f5580000)
  object space 218112K, 17% used [0x00000000e0000000,0x00000000e244c110,0x00000000ed500000)
 Metaspace       used 56506K, capacity 60572K, committed 60928K, reserved 1101824K
  class space    used 8115K, capacity 8858K, committed 8960K, reserved 1048576K
Event: 12.158 GC heap after
Heap after GC invocations=15 (full 3):
 PSYoungGen      total 151040K, used 7872K [0x00000000f5580000, 0x0000000100000000, 0x0000000100000000)
  eden space 134656K, 0% used [0x00000000f5580000,0x00000000f5580000,0x00000000fd900000)
  from space 16384K, 48% used [0x00000000ff000000,0x00000000ff7b0098,0x0000000100000000)
  to   space 19968K, 0% used [0x00000000fd900000,0x00000000fd900000,0x00000000fec80000)
 ParOldGen       total 218112K, used 37176K [0x00000000e0000000, 0x00000000ed500000, 0x00000000f5580000)
  object space 218112K, 17% used [0x00000000e0000000,0x00000000e244e110,0x00000000ed500000)
 Metaspace       used 56506K, capacity 60572K, committed 60928K, reserved 1101824K
  class space    used 8115K, capacity 8858K, committed 8960K, reserved 1048576K
}
Event: 13.595 GC heap before
{Heap before GC invocations=16 (full 3):
 PSYoungGen      total 151040K, used 142528K [0x00000000f5580000, 0x0000000100000000, 0x0000000100000000)
  eden space 134656K, 100% used [0x00000000f5580000,0x00000000fd900000,0x00000000fd900000)
  from space 16384K, 48% used [0x00000000ff000000,0x00000000ff7b0098,0x0000000100000000)
  to   space 19968K, 0% used [0x00000000fd900000,0x00000000fd900000,0x00000000fec80000)
 ParOldGen       total 218112K, used 37176K [0x00000000e0000000, 0x00000000ed500000, 0x00000000f5580000)
  object space 218112K, 17% used [0x00000000e0000000,0x00000000e244e110,0x00000000ed500000)
 Metaspace       used 61898K, capacity 66186K, committed 66432K, reserved 1105920K
  class space    used 8789K, capacity 9588K, committed 9600K, reserved 1048576K
Event: 13.609 GC heap after
Heap after GC invocations=16 (full 3):
 PSYoungGen      total 154624K, used 19947K [0x00000000f5580000, 0x0000000100000000, 0x0000000100000000)
  eden space 134656K, 0% used [0x00000000f5580000,0x00000000f5580000,0x00000000fd900000)
  from space 19968K, 99% used [0x00000000fd900000,0x00000000fec7ad78,0x00000000fec80000)
  to   space 19968K, 0% used [0x00000000fec80000,0x00000000fec80000,0x0000000100000000)
 ParOldGen       total 218112K, used 45804K [0x00000000e0000000, 0x00000000ed500000, 0x00000000f5580000)
  object space 218112K, 21% used [0x00000000e0000000,0x00000000e2cbb108,0x00000000ed500000)
 Metaspace       used 61898K, capacity 66186K, committed 66432K, reserved 1105920K
  class space    used 8789K, capacity 9588K, committed 9600K, reserved 1048576K
}
Event: 14.590 GC heap before
{Heap before GC invocations=17 (full 3):
 PSYoungGen      total 154624K, used 154603K [0x00000000f5580000, 0x0000000100000000, 0x0000000100000000)
  eden space 134656K, 100% used [0x00000000f5580000,0x00000000fd900000,0x00000000fd900000)
  from space 19968K, 99% used [0x00000000fd900000,0x00000000fec7ad78,0x00000000fec80000)
  to   space 19968K, 0% used [0x00000000fec80000,0x00000000fec80000,0x0000000100000000)
 ParOldGen       total 218112K, used 45804K [0x00000000e0000000, 0x00000000ed500000, 0x00000000f5580000)
  object space 218112K, 21% used [0x00000000e0000000,0x00000000e2cbb108,0x00000000ed500000)
 Metaspace       used 63911K, capacity 68276K, committed 68480K, reserved 1107968K
  class space    used 9005K, capacity 9776K, committed 9856K, reserved 1048576K
Event: 14.617 GC heap after
Heap after GC invocations=17 (full 3):
 PSYoungGen      total 124928K, used 19947K [0x00000000f5580000, 0x0000000100000000, 0x0000000100000000)
  eden space 104960K, 0% used [0x00000000f5580000,0x00000000f5580000,0x00000000fbc00000)
  from space 19968K, 99% used [0x00000000fec80000,0x00000000ffffaf30,0x0000000100000000)
  to   space 34816K, 0% used [0x00000000fbc00000,0x00000000fbc00000,0x00000000fde00000)
 ParOldGen       total 218112K, used 66326K [0x00000000e0000000, 0x00000000ed500000, 0x00000000f5580000)
  object space 218112K, 30% used [0x00000000e0000000,0x00000000e40c5880,0x00000000ed500000)
 Metaspace       used 63911K, capacity 68276K, committed 68480K, reserved 1107968K
  class space    used 9005K, capacity 9776K, committed 9856K, reserved 1048576K
}

